{"level":"error","message":[{"location":"body","msg":"role should be chef or customer","path":"role","type":"field","value":"invalid"}],"timestamp":"2023-08-02T22:19:24.190Z"}
{"level":"error","message":"You can't change your role","timestamp":"2023-08-02T22:19:24.244Z"}
{"level":"error","message":[{"location":"body","msg":"Only one address can be set as a default","path":"addresses[0].isDefault","type":"field","value":true}],"timestamp":"2023-08-02T22:19:24.377Z"}
{"level":"error","message":[{"location":"body","msg":"Country should not be empty","path":"addresses[0].country","type":"field"},{"location":"body","msg":"Country can only contain letters and spaces","path":"addresses[0].country","type":"field"},{"location":"body","msg":"Street should not be empty","path":"addresses[0].street","type":"field"},{"location":"body","msg":"Street can only contain letters, numbers, and spaces","path":"addresses[0].street","type":"field"},{"location":"body","msg":"Block should not be empty","path":"addresses[0].block","type":"field"},{"location":"body","msg":"Block can only contain letters, numbers, and spaces","path":"addresses[0].block","type":"field"},{"location":"body","msg":"Postal code should not be empty","path":"addresses[0].postalCode","type":"field"},{"location":"body","msg":"Postal code can only contain letters and numbers","path":"addresses[0].postalCode","type":"field"},{"location":"body","msg":"Apartment should not be empty","path":"addresses[0].apartment","type":"field"},{"location":"body","msg":"Apartment can only contain letters, numbers, and spaces","path":"addresses[0].apartment","type":"field"},{"location":"body","msg":"Only one address can be set as a default","path":"addresses[0].isDefault","type":"field","value":true}],"timestamp":"2023-08-02T22:19:24.426Z"}
{"level":"error","message":"Address is not found","timestamp":"2023-08-02T22:19:24.551Z"}
{"level":"error","message":[{"location":"body","msg":"City can only contain letters and spaces","path":"address.city","type":"field","value":"Istanbul32"}],"timestamp":"2023-08-02T22:19:24.586Z"}
{"level":"error","message":"Dish not found","timestamp":"2023-08-02T22:19:27.181Z"}
{"level":"error","message":"Dish not found","timestamp":"2023-08-02T22:19:27.255Z"}
{"level":"error","message":"Dish validation failed: price: Path `price` is required.","timestamp":"2023-08-02T22:19:30.887Z"}
{"level":"error","message":"Forbidden","timestamp":"2023-08-02T22:19:30.962Z"}
{"level":"error","message":"Cast to ObjectId failed for value \"0101010101\" (type string) at path \"_id\" for model \"Dish\"","timestamp":"2023-08-02T22:19:30.987Z"}
{"level":"error","message":"Forbidden","timestamp":"2023-08-02T22:19:31.047Z"}
{"level":"error","message":"Cast to ObjectId failed for value \"0101010101\" (type string) at path \"_id\" for model \"Dish\"","timestamp":"2023-08-02T22:19:31.068Z"}
{"level":"error","message":[{"location":"body","msg":"firstName should not be empty","path":"firstName","type":"field"},{"location":"body","msg":"firstName should be at least 3 characters long","path":"firstName","type":"field"},{"location":"body","msg":"firstName should not include spaces","path":"firstName","type":"field"},{"location":"body","msg":"lastName should not be empty","path":"lastName","type":"field"},{"location":"body","msg":"firstName should be at least 3 characters long","path":"lastName","type":"field"},{"location":"body","msg":"lastName should not include spaces","path":"lastName","type":"field"},{"location":"body","msg":"name should not be empty","path":"name","type":"field"},{"location":"body","msg":"name should be at least 6 characters long","path":"name","type":"field"},{"location":"body","msg":"name should not include spaces","path":"name","type":"field"}],"timestamp":"2023-08-02T22:19:36.237Z"}
{"level":"error","message":"Invalid credentials","timestamp":"2023-08-02T22:19:36.538Z"}
{"level":"error","message":"New password and password confirmation do not match.","timestamp":"2023-08-02T22:19:37.074Z"}
{"level":"error","message":"Current password in incorrect.","timestamp":"2023-08-02T22:19:37.253Z"}
{"level":"error","message":"Current password in incorrect.","timestamp":"2023-08-02T22:19:37.431Z"}
{"level":"error","message":"User not found","timestamp":"2023-08-02T22:19:40.719Z"}
{"level":"error","message":"The email already exists","timestamp":"2023-08-02T22:19:41.051Z"}
{"level":"error","message":[{"location":"body","msg":"firstName should not be empty","path":"firstName","type":"field"},{"location":"body","msg":"firstName should be at least 3 characters long","path":"firstName","type":"field"},{"location":"body","msg":"firstName should not include spaces and special charters","path":"firstName","type":"field"},{"location":"body","msg":"lastName should not be empty","path":"lastName","type":"field"},{"location":"body","msg":"lastName should be at least 3 characters long","path":"lastName","type":"field"},{"location":"body","msg":"firstName should not include spaces and special charters","path":"lastName","type":"field"},{"location":"body","msg":"email should not be empty","path":"email","type":"field"},{"location":"body","msg":"Invalid Email","path":"email","type":"field"},{"location":"body","msg":"password should not be empty","path":"password","type":"field"},{"location":"body","msg":"password should be at least 8 characters long","path":"password","type":"field"},{"location":"body","msg":"Password must contain at least one uppercase letter, one lowercase letter, one digit, and one special character","path":"password","type":"field"}],"timestamp":"2023-08-02T22:19:41.066Z"}
{"level":"error","message":"User not found","timestamp":"2023-08-02T22:19:41.118Z"}
{"level":"error","message":[{"location":"body","msg":"firstName should not include spaces and special charters","path":"firstName","type":"field","value":342}],"timestamp":"2023-08-02T22:19:41.132Z"}
{"level":"error","message":"User not found","timestamp":"2023-08-02T22:19:41.164Z"}
{"level":"error","message":"Dish not found","timestamp":"2023-08-02T22:23:49.653Z"}
{"level":"error","message":"The email is already exists","timestamp":"2023-08-02T22:25:20.368Z"}
{"level":"error","message":"The email is already exists","timestamp":"2023-08-02T22:26:41.209Z"}
{"level":"error","message":"The email is already exists","timestamp":"2023-08-02T22:28:19.260Z"}
{"level":"error","message":"Dish not found","timestamp":"2023-08-02T22:36:33.683Z"}
{"level":"error","message":"Dish not found","timestamp":"2023-08-02T22:36:33.712Z"}
{"level":"error","message":"Dish not found","timestamp":"2023-08-02T22:38:46.949Z"}
{"level":"error","message":"Dish not found","timestamp":"2023-08-02T22:38:46.987Z"}
{"level":"error","message":"Dish not found","timestamp":"2023-08-02T22:43:31.753Z"}
{"level":"error","message":"Dish not found","timestamp":"2023-08-02T22:43:31.781Z"}
{"level":"error","message":"Dish not found","timestamp":"2023-08-02T22:47:46.975Z"}
{"level":"error","message":"Dish not found","timestamp":"2023-08-02T22:47:47.005Z"}
{"level":"error","message":"Dish not found","timestamp":"2023-08-02T22:51:35.622Z"}
{"level":"error","message":"Dish not found","timestamp":"2023-08-02T22:52:20.405Z"}
{"level":"error","message":"Dish not found","timestamp":"2023-08-02T23:07:55.088Z"}
{"level":"error","message":"Dish not found","timestamp":"2023-08-02T23:07:55.173Z"}
{"level":"error","message":"Dish not found","timestamp":"2023-08-02T23:07:55.222Z"}
{"level":"error","message":"Dish not found","timestamp":"2023-08-02T23:08:57.943Z"}
{"level":"error","message":"Cannot set properties of undefined (setting 'rating')","timestamp":"2023-08-02T23:08:58.023Z"}
{"level":"error","message":"Dish not found","timestamp":"2023-08-02T23:12:17.622Z"}
{"level":"error","message":"Cannot set properties of undefined (setting 'rating')","timestamp":"2023-08-02T23:12:18.031Z"}
{"level":"error","message":"Review not found","timestamp":"2023-08-02T23:12:18.117Z"}
{"level":"error","message":"Dish not found","timestamp":"2023-08-02T23:15:17.493Z"}
{"level":"error","message":"Cannot set properties of undefined (setting 'rating')","timestamp":"2023-08-02T23:15:17.900Z"}
{"level":"error","message":"Review not found","timestamp":"2023-08-02T23:15:17.973Z"}
{"level":"error","message":"Dish not found","timestamp":"2023-08-02T23:17:02.968Z"}
{"level":"error","message":"Cannot set properties of undefined (setting 'rating')","timestamp":"2023-08-02T23:17:03.132Z"}
{"level":"error","message":"Review not found","timestamp":"2023-08-02T23:17:03.208Z"}
{"level":"error","message":"Dish not found","timestamp":"2023-08-02T23:19:13.598Z"}
{"level":"error","message":"Cannot set properties of undefined (setting 'rating')","timestamp":"2023-08-02T23:19:13.815Z"}
{"level":"error","message":"Review not found","timestamp":"2023-08-02T23:19:13.879Z"}
{"level":"error","message":"Dish not found","timestamp":"2023-08-02T23:20:16.079Z"}
{"level":"error","message":"Cannot set properties of undefined (setting 'rating')","timestamp":"2023-08-02T23:20:16.201Z"}
{"level":"error","message":"Review not found","timestamp":"2023-08-02T23:20:16.255Z"}
{"level":"error","message":"Dish not found","timestamp":"2023-08-02T23:30:28.614Z"}
{"level":"error","message":"dish.findOne is not a function","timestamp":"2023-08-02T23:30:28.742Z"}
{"level":"error","message":"Review not found","timestamp":"2023-08-02T23:30:28.803Z"}
{"level":"error","message":"Dish not found","timestamp":"2023-08-02T23:33:03.199Z"}
{"level":"error","message":"Dish not found","timestamp":"2023-08-02T23:33:30.075Z"}
{"level":"error","message":"User not found","timestamp":"2023-08-03T17:52:35.930Z"}
{"level":"error","message":"The email already exists","timestamp":"2023-08-03T17:52:36.165Z"}
{"level":"error","message":[{"location":"body","msg":"firstName should not be empty","path":"firstName","type":"field"},{"location":"body","msg":"firstName should be at least 3 characters long","path":"firstName","type":"field"},{"location":"body","msg":"firstName should not include spaces and special charters","path":"firstName","type":"field"},{"location":"body","msg":"lastName should not be empty","path":"lastName","type":"field"},{"location":"body","msg":"lastName should be at least 3 characters long","path":"lastName","type":"field"},{"location":"body","msg":"firstName should not include spaces and special charters","path":"lastName","type":"field"},{"location":"body","msg":"email should not be empty","path":"email","type":"field"},{"location":"body","msg":"Invalid Email","path":"email","type":"field"},{"location":"body","msg":"password should not be empty","path":"password","type":"field"},{"location":"body","msg":"password should be at least 8 characters long","path":"password","type":"field"},{"location":"body","msg":"Password must contain at least one uppercase letter, one lowercase letter, one digit, and one special character","path":"password","type":"field"}],"timestamp":"2023-08-03T17:52:36.177Z"}
{"level":"error","message":"User not found","timestamp":"2023-08-03T17:52:36.212Z"}
{"level":"error","message":[{"location":"body","msg":"firstName should not include spaces and special charters","path":"firstName","type":"field","value":342}],"timestamp":"2023-08-03T17:52:36.225Z"}
{"level":"error","message":"User not found","timestamp":"2023-08-03T17:52:36.251Z"}
{"level":"error","message":[{"location":"body","msg":"role should be chef or customer","path":"role","type":"field","value":"invalid"}],"timestamp":"2023-08-03T17:52:38.338Z"}
{"level":"error","message":"You can't change your role","timestamp":"2023-08-03T17:52:38.354Z"}
{"level":"error","message":[{"location":"body","msg":"Only one address can be set as a default","path":"addresses[0].isDefault","type":"field","value":true}],"timestamp":"2023-08-03T17:52:38.401Z"}
{"level":"error","message":[{"location":"body","msg":"Country should not be empty","path":"addresses[0].country","type":"field"},{"location":"body","msg":"Country can only contain letters and spaces","path":"addresses[0].country","type":"field"},{"location":"body","msg":"Street should not be empty","path":"addresses[0].street","type":"field"},{"location":"body","msg":"Street can only contain letters, numbers, and spaces","path":"addresses[0].street","type":"field"},{"location":"body","msg":"Block should not be empty","path":"addresses[0].block","type":"field"},{"location":"body","msg":"Block can only contain letters, numbers, and spaces","path":"addresses[0].block","type":"field"},{"location":"body","msg":"Postal code should not be empty","path":"addresses[0].postalCode","type":"field"},{"location":"body","msg":"Postal code can only contain letters and numbers","path":"addresses[0].postalCode","type":"field"},{"location":"body","msg":"Apartment should not be empty","path":"addresses[0].apartment","type":"field"},{"location":"body","msg":"Apartment can only contain letters, numbers, and spaces","path":"addresses[0].apartment","type":"field"},{"location":"body","msg":"Only one address can be set as a default","path":"addresses[0].isDefault","type":"field","value":true}],"timestamp":"2023-08-03T17:52:38.417Z"}
{"level":"error","message":"Address is not found","timestamp":"2023-08-03T17:52:38.452Z"}
{"level":"error","message":[{"location":"body","msg":"City can only contain letters and spaces","path":"address.city","type":"field","value":"Istanbul32"}],"timestamp":"2023-08-03T17:52:38.465Z"}
{"level":"error","message":"Dish not found","timestamp":"2023-08-03T17:52:40.183Z"}
{"level":"error","message":[{"location":"body","msg":"firstName should not be empty","path":"firstName","type":"field"},{"location":"body","msg":"firstName should be at least 3 characters long","path":"firstName","type":"field"},{"location":"body","msg":"firstName should not include spaces","path":"firstName","type":"field"},{"location":"body","msg":"lastName should not be empty","path":"lastName","type":"field"},{"location":"body","msg":"firstName should be at least 3 characters long","path":"lastName","type":"field"},{"location":"body","msg":"lastName should not include spaces","path":"lastName","type":"field"},{"location":"body","msg":"name should not be empty","path":"name","type":"field"},{"location":"body","msg":"name should be at least 6 characters long","path":"name","type":"field"},{"location":"body","msg":"name should not include spaces","path":"name","type":"field"}],"timestamp":"2023-08-03T17:52:42.201Z"}
{"level":"error","message":"Invalid credentials","timestamp":"2023-08-03T17:52:42.314Z"}
{"level":"error","message":"New password and password confirmation do not match.","timestamp":"2023-08-03T17:52:42.606Z"}
{"level":"error","message":"Current password in incorrect.","timestamp":"2023-08-03T17:52:42.708Z"}
{"level":"error","message":"Current password in incorrect.","timestamp":"2023-08-03T17:52:42.810Z"}
{"level":"error","message":"Dish validation failed: price: Path `price` is required.","timestamp":"2023-08-03T17:52:45.030Z"}
{"level":"error","message":"Forbidden","timestamp":"2023-08-03T17:52:45.067Z"}
{"level":"error","message":"Cast to ObjectId failed for value \"0101010101\" (type string) at path \"_id\" for model \"Dish\"","timestamp":"2023-08-03T17:52:45.080Z"}
{"level":"error","message":"Forbidden","timestamp":"2023-08-03T17:52:45.115Z"}
{"level":"error","message":"Cast to ObjectId failed for value \"0101010101\" (type string) at path \"_id\" for model \"Dish\"","timestamp":"2023-08-03T17:52:45.128Z"}
{"level":"info","message":"Server listening on port 3000","timestamp":"2023-08-03T18:52:52.918Z"}
{"level":"info","message":"Database connected","timestamp":"2023-08-03T18:52:52.996Z"}
{"level":"info","message":"Server listening on port 3000","timestamp":"2023-08-03T19:01:33.483Z"}
{"level":"info","message":"Database connected","timestamp":"2023-08-03T19:01:33.531Z"}
{"level":"error","message":"User not found","timestamp":"2023-08-03T19:04:42.358Z"}
{"level":"error","message":"The email already exists","timestamp":"2023-08-03T19:04:42.628Z"}
{"level":"error","message":[{"location":"body","msg":"firstName should not be empty","path":"firstName","type":"field"},{"location":"body","msg":"firstName should be at least 3 characters long","path":"firstName","type":"field"},{"location":"body","msg":"firstName should not include spaces and special charters","path":"firstName","type":"field"},{"location":"body","msg":"lastName should not be empty","path":"lastName","type":"field"},{"location":"body","msg":"lastName should be at least 3 characters long","path":"lastName","type":"field"},{"location":"body","msg":"firstName should not include spaces and special charters","path":"lastName","type":"field"},{"location":"body","msg":"email should not be empty","path":"email","type":"field"},{"location":"body","msg":"Invalid Email","path":"email","type":"field"},{"location":"body","msg":"password should not be empty","path":"password","type":"field"},{"location":"body","msg":"password should be at least 8 characters long","path":"password","type":"field"},{"location":"body","msg":"Password must contain at least one uppercase letter, one lowercase letter, one digit, and one special character","path":"password","type":"field"}],"timestamp":"2023-08-03T19:04:42.640Z"}
{"level":"error","message":"User not found","timestamp":"2023-08-03T19:04:42.679Z"}
{"level":"error","message":[{"location":"body","msg":"firstName should not include spaces and special charters","path":"firstName","type":"field","value":342}],"timestamp":"2023-08-03T19:04:42.689Z"}
{"level":"error","message":"User not found","timestamp":"2023-08-03T19:04:42.718Z"}
{"level":"error","message":[{"location":"body","msg":"firstName should not be empty","path":"firstName","type":"field"},{"location":"body","msg":"firstName should be at least 3 characters long","path":"firstName","type":"field"},{"location":"body","msg":"firstName should not include spaces","path":"firstName","type":"field"},{"location":"body","msg":"lastName should not be empty","path":"lastName","type":"field"},{"location":"body","msg":"firstName should be at least 3 characters long","path":"lastName","type":"field"},{"location":"body","msg":"lastName should not include spaces","path":"lastName","type":"field"},{"location":"body","msg":"name should not be empty","path":"name","type":"field"},{"location":"body","msg":"name should be at least 6 characters long","path":"name","type":"field"},{"location":"body","msg":"name should not include spaces","path":"name","type":"field"}],"timestamp":"2023-08-03T19:04:44.853Z"}
{"level":"error","message":"Invalid credentials","timestamp":"2023-08-03T19:04:44.969Z"}
{"level":"error","message":"New password and password confirmation do not match.","timestamp":"2023-08-03T19:04:45.268Z"}
{"level":"error","message":"Current password in incorrect.","timestamp":"2023-08-03T19:04:45.369Z"}
{"level":"error","message":"Current password in incorrect.","timestamp":"2023-08-03T19:04:45.475Z"}
{"level":"error","message":"Dish validation failed: price: Path `price` is required.","timestamp":"2023-08-03T19:04:47.875Z"}
{"level":"error","message":"Forbidden","timestamp":"2023-08-03T19:04:47.910Z"}
{"level":"error","message":"Cast to ObjectId failed for value \"0101010101\" (type string) at path \"_id\" for model \"Dish\"","timestamp":"2023-08-03T19:04:47.922Z"}
{"level":"error","message":"Forbidden","timestamp":"2023-08-03T19:04:47.950Z"}
{"level":"error","message":"Cast to ObjectId failed for value \"0101010101\" (type string) at path \"_id\" for model \"Dish\"","timestamp":"2023-08-03T19:04:47.961Z"}
{"level":"error","message":[{"location":"body","msg":"role should be chef or customer","path":"role","type":"field","value":"invalid"}],"timestamp":"2023-08-03T19:04:49.751Z"}
{"level":"error","message":"You can't change your role","timestamp":"2023-08-03T19:04:49.765Z"}
{"level":"error","message":[{"location":"body","msg":"Only one address can be set as a default","path":"addresses[0].isDefault","type":"field","value":true}],"timestamp":"2023-08-03T19:04:49.808Z"}
{"level":"error","message":[{"location":"body","msg":"Country should not be empty","path":"addresses[0].country","type":"field"},{"location":"body","msg":"Country can only contain letters and spaces","path":"addresses[0].country","type":"field"},{"location":"body","msg":"Street should not be empty","path":"addresses[0].street","type":"field"},{"location":"body","msg":"Street can only contain letters, numbers, and spaces","path":"addresses[0].street","type":"field"},{"location":"body","msg":"Block should not be empty","path":"addresses[0].block","type":"field"},{"location":"body","msg":"Block can only contain letters, numbers, and spaces","path":"addresses[0].block","type":"field"},{"location":"body","msg":"Postal code should not be empty","path":"addresses[0].postalCode","type":"field"},{"location":"body","msg":"Postal code can only contain letters and numbers","path":"addresses[0].postalCode","type":"field"},{"location":"body","msg":"Apartment should not be empty","path":"addresses[0].apartment","type":"field"},{"location":"body","msg":"Apartment can only contain letters, numbers, and spaces","path":"addresses[0].apartment","type":"field"},{"location":"body","msg":"Only one address can be set as a default","path":"addresses[0].isDefault","type":"field","value":true}],"timestamp":"2023-08-03T19:04:49.823Z"}
{"level":"error","message":"Address is not found","timestamp":"2023-08-03T19:04:49.856Z"}
{"level":"error","message":[{"location":"body","msg":"City can only contain letters and spaces","path":"address.city","type":"field","value":"Istanbul32"}],"timestamp":"2023-08-03T19:04:49.868Z"}
{"level":"error","message":"Dish not found","timestamp":"2023-08-03T19:04:51.641Z"}
